[2023-10-17 12:51:04] [INFO   ] Generating Test Report 
[2023-10-17 12:51:04] [INFO   ] Generating test report 
[2023-10-17 12:51:04] [INFO   ] Generating test report 
[2023-10-17 12:51:04] [INFO   ] Fetching data from the data provider 'EG_login' 
[2023-10-17 12:51:05] [INFO   ] Setting up the browser... 
[2023-10-17 12:51:07] [INFO   ] Started measuring time 2023-10-17T07:21:07.511735553Z 
[2023-10-17 12:51:07] [INFO   ] Executing LM_L_LIP Test Cases 
[2023-10-17 12:51:07] [INFO   ] Executing login test cases... 
[2023-10-17 12:51:07] [INFO   ] Entering username: eg_admin 
[2023-10-17 12:51:10] [INFO   ] Entering password... 
[2023-10-17 12:51:10] [INFO   ] Clicking on login button... 
[2023-10-17 12:51:13] [INFO   ] Clicking Logout... 
[2023-10-17 12:51:13] [INFO   ] IP Login test cases executed successfully. 
[2023-10-17 12:51:13] [INFO   ] LM_L_LIP Test Cases Execution Completed 
[2023-10-17 12:51:13] [INFO   ] Time elapsed - [In milli-seconds: 6363] [In seconds:6.363] 
[2023-10-17 12:51:14] [INFO   ] Fetching data from the data provider 'prerak_login' 
[2023-10-17 12:51:14] [INFO   ] Setting up the browser... 
[2023-10-17 12:51:14] [INFO   ] Started measuring time 2023-10-17T07:21:14.972447911Z 
[2023-10-17 12:51:14] [INFO   ] Executing LM_L_LP method 
[2023-10-17 12:51:14] [INFO   ] Executing prerak login LM_L_LP test 
[2023-10-17 12:51:14] [INFO   ] Entering username: varunb_b_9960051486 
[2023-10-17 12:51:16] [INFO   ] Entering password... 
[2023-10-17 12:51:16] [INFO   ] Clicking on login button... 
[2023-10-17 12:51:19] [INFO   ] Clicking Logout... 
[2023-10-17 12:51:19] [INFO   ] Login test LM_L_LP executed successfully. 
[2023-10-17 12:51:19] [INFO   ] Test execution of LM_L_LP completed 
[2023-10-17 12:51:19] [INFO   ] Time elapsed - [In milli-seconds: 4399] [In seconds:4.399] 
[2023-10-17 12:51:19] [INFO   ] Setting up the browser... 
[2023-10-17 12:51:20] [INFO   ] Started measuring time 2023-10-17T07:21:20.225600995Z 
[2023-10-17 12:51:20] [INFO   ] PM_PPE_PP_PrerakHome method 
[2023-10-17 12:51:20] [INFO   ] Executing common login... 
[2023-10-17 12:51:20] [INFO   ] Entering username: varunb_b_9960051486 
[2023-10-17 12:51:21] [INFO   ] Entering password... 
[2023-10-17 12:51:22] [INFO   ] Clicking on login button... 
[2023-10-17 12:51:22] [INFO   ] Common login executed successfully. 
[2023-10-17 12:51:22] [INFO   ] Executing PM_PPE_PP_PrerakProfileEdit test cases... 
[2023-10-17 12:51:24] [INFO   ] Clicking sidebar 
[2023-10-17 12:51:25] [INFO   ] Clicking Profile 
[2023-10-17 12:51:28] [INFO   ] Clicking editBasicDetails 
[2023-10-17 12:51:29] [INFO   ] Clicking editName 
[2023-10-17 12:51:31] [INFO   ] Clicking editContactDetails 
[2023-10-17 12:51:32] [INFO   ] Clicking editAddressDetails 
[2023-10-17 12:51:34] [INFO   ] Clicking editPersonalDetails 
[2023-10-17 12:51:35] [INFO   ] Clicking editReferenceDetails 
[2023-10-17 12:51:37] [INFO   ] Clicking editOtherDetails 
[2023-10-17 12:51:38] [INFO   ] PM_PPE_PP_PrerakProfileEdit executed successfully. 
[2023-10-17 12:51:38] [INFO   ] Test case execution completed 
[2023-10-17 12:51:38] [INFO   ] Time elapsed - [In milli-seconds: 18505] [In seconds:18.505] 
[2023-10-17 12:51:38] [INFO   ] Fetching data from the data provider 'editName' 
[2023-10-17 12:51:38] [INFO   ] Setting up the browser... 
[2023-10-17 12:51:39] [INFO   ] Started measuring time 2023-10-17T07:21:39.874284824Z 
[2023-10-17 12:51:39] [INFO   ] EditPrerakDetails_PM_PPE_PP_editName method 
[2023-10-17 12:51:39] [INFO   ] Executing common login... 
[2023-10-17 12:51:39] [INFO   ] Entering username: varunb_b_9960051486 
[2023-10-17 12:51:41] [INFO   ] Entering password... 
[2023-10-17 12:51:42] [INFO   ] Clicking on login button... 
[2023-10-17 12:51:42] [INFO   ] Common login executed successfully. 
[2023-10-17 12:51:42] [INFO   ] Executing PM_PPE_PP_editName test cases... 
[2023-10-17 12:51:44] [INFO   ] Clicking sidebar 
[2023-10-17 12:51:45] [INFO   ] Clicking Profile 
[2023-10-17 12:51:48] [INFO   ] Clicking editBasicDetails 
[2023-10-17 12:51:49] [INFO   ] Clicking editName 
[2023-10-17 12:51:51] [INFO   ] Entering First Name 
[2023-10-17 12:51:52] [INFO   ] Entering Middle Name 
[2023-10-17 12:51:54] [INFO   ] Entering Last Name 
[2023-10-17 12:51:55] [INFO   ] Selecting Year 
[2023-10-17 12:51:57] [INFO   ] Selecting Month 
[2023-10-17 12:51:58] [INFO   ] Selecting Day 
[2023-10-17 12:51:59] [INFO   ] Clicking Save 
[2023-10-17 12:52:00] [INFO   ] PM_PPE_PP_editName Test executed successfully. 
[2023-10-17 12:52:00] [INFO   ] PM_PPE_PP_editName Test case execution completed 
[2023-10-17 12:52:00] [INFO   ] Time elapsed - [In milli-seconds: 20607] [In seconds:20.607] 
