[2023-10-16 14:36:10] [INFO   ] Generating Test Report 
[2023-10-16 14:36:10] [INFO   ] Generating test report 
[2023-10-16 14:36:10] [INFO   ] Generating test report 
[2023-10-16 14:36:10] [INFO   ] Fetching data from the data provider 'EG_login' 
[2023-10-16 14:36:11] [INFO   ] Setting up the browser... 
[2023-10-16 14:36:14] [INFO   ] Started measuring time 2023-10-16T09:06:14.232223960Z 
[2023-10-16 14:36:14] [INFO   ] Executing LM_L_LIP Test Cases 
[2023-10-16 14:36:14] [INFO   ] Executing login test cases... 
[2023-10-16 14:36:14] [INFO   ] Entering username: eg_admin 
[2023-10-16 14:36:17] [INFO   ] Entering password... 
[2023-10-16 14:36:17] [INFO   ] Clicking on login button... 
[2023-10-16 14:36:20] [INFO   ] Clicking Logout... 
[2023-10-16 14:36:20] [INFO   ] IP Login test cases executed successfully. 
[2023-10-16 14:36:20] [INFO   ] LM_L_LIP Test Cases Execution Completed 
[2023-10-16 14:36:20] [INFO   ] Time elapsed - [In milli-seconds: 6216] [In seconds:6.216] 
[2023-10-16 14:36:20] [INFO   ] Fetching data from the data provider 'prerak_login' 
[2023-10-16 14:36:20] [INFO   ] Setting up the browser... 
[2023-10-16 14:36:21] [INFO   ] Started measuring time 2023-10-16T09:06:21.641615973Z 
[2023-10-16 14:36:21] [INFO   ] Executing LM_L_LP method 
[2023-10-16 14:36:21] [INFO   ] Executing prerak login LM_L_LP test 
[2023-10-16 14:36:21] [INFO   ] Entering username: varunb_b_9960051486 
[2023-10-16 14:36:23] [INFO   ] Entering password... 
[2023-10-16 14:36:23] [INFO   ] Clicking on login button... 
[2023-10-16 14:36:25] [INFO   ] Clicking Logout... 
[2023-10-16 14:36:25] [INFO   ] Login test LM_L_LP executed successfully. 
[2023-10-16 14:36:25] [INFO   ] Test execution of LM_L_LP completed 
[2023-10-16 14:36:25] [INFO   ] Time elapsed - [In milli-seconds: 4030] [In seconds:4.03] 
[2023-10-16 14:36:25] [INFO   ] Setting up the browser... 
[2023-10-16 14:36:26] [INFO   ] Started measuring time 2023-10-16T09:06:26.482221811Z 
[2023-10-16 14:36:26] [INFO   ] PM_PPE_PP_PrerakHome method 
[2023-10-16 14:36:26] [INFO   ] Executing common login... 
[2023-10-16 14:36:26] [INFO   ] Entering username: varunb_b_9960051486 
[2023-10-16 14:36:28] [INFO   ] Entering password... 
[2023-10-16 14:36:28] [INFO   ] Clicking on login button... 
[2023-10-16 14:36:28] [INFO   ] Common login executed successfully. 
[2023-10-16 14:36:28] [INFO   ] Executing PM_PPE_PP_PrerakProfileEdit test cases... 
[2023-10-16 14:36:30] [INFO   ] Clicking sidebar 
[2023-10-16 14:36:31] [INFO   ] Clicking Profile 
[2023-10-16 14:36:34] [INFO   ] Clicking editBasicDetails 
[2023-10-16 14:36:35] [INFO   ] Clicking editName 
[2023-10-16 14:36:37] [INFO   ] Clicking editContactDetails 
[2023-10-16 14:36:38] [INFO   ] Clicking editAddressDetails 
[2023-10-16 14:36:40] [INFO   ] Clicking editPersonalDetails 
[2023-10-16 14:36:42] [INFO   ] Clicking editReferenceDetails 
[2023-10-16 14:36:43] [INFO   ] Clicking editOtherDetails 
[2023-10-16 14:36:45] [INFO   ] PM_PPE_PP_PrerakProfileEdit executed successfully. 
[2023-10-16 14:36:45] [INFO   ] Test case execution completed 
[2023-10-16 14:36:45] [INFO   ] Time elapsed - [In milli-seconds: 18585] [In seconds:18.585] 
[2023-10-16 14:36:45] [INFO   ] Fetching data from the data provider 'editName' 
[2023-10-16 14:36:45] [INFO   ] Setting up the browser... 
[2023-10-16 14:36:45] [INFO   ] Started measuring time 2023-10-16T09:06:45.890178534Z 
[2023-10-16 14:36:45] [INFO   ] EditPrerakDetails_PM_PPE_PP_editName method 
[2023-10-16 14:36:45] [INFO   ] Executing common login... 
[2023-10-16 14:36:45] [INFO   ] Entering username: varunb_b_9960051486 
[2023-10-16 14:36:47] [INFO   ] Entering password... 
[2023-10-16 14:36:47] [INFO   ] Clicking on login button... 
[2023-10-16 14:36:48] [INFO   ] Common login executed successfully. 
[2023-10-16 14:36:48] [INFO   ] Executing PM_PPE_PP_editName test cases... 
[2023-10-16 14:36:49] [INFO   ] Clicking sidebar 
[2023-10-16 14:36:50] [INFO   ] Clicking Profile 
[2023-10-16 14:36:54] [INFO   ] Clicking editBasicDetails 
