[2023-10-16 12:29:41] [INFO   ] Generating Test Report 
[2023-10-16 12:29:41] [INFO   ] Generating test report 
[2023-10-16 12:29:41] [INFO   ] Fetching data from the data provider 'EG_login' 
[2023-10-16 12:29:42] [INFO   ] Setting up the browser... 
[2023-10-16 12:29:44] [INFO   ] Started measuring time 2023-10-16T06:59:44.031882300Z 
[2023-10-16 12:29:44] [INFO   ] Executing LM_L_LIP Test Cases 
[2023-10-16 12:29:44] [INFO   ] Executing login test cases... 
[2023-10-16 12:29:44] [INFO   ] Entering username: eg_admin 
[2023-10-16 12:29:45] [INFO   ] Entering password... 
[2023-10-16 12:29:45] [INFO   ] Clicking on login button... 
[2023-10-16 12:29:47] [WARNING] Test LM_L_LIP failed. Capturing Screenshot... 
[2023-10-16 12:29:48] [INFO   ] Fetching data from the data provider 'prerak_login' 
[2023-10-16 12:29:48] [INFO   ] Setting up the browser... 
[2023-10-16 12:29:49] [INFO   ] Started measuring time 2023-10-16T06:59:49.510902960Z 
[2023-10-16 12:29:49] [INFO   ] Executing LM_L_LP method 
[2023-10-16 12:29:49] [INFO   ] Executing prerak login LM_L_LP test 
[2023-10-16 12:29:49] [INFO   ] Entering username: varunb_b_9960051486 
[2023-10-16 12:29:50] [INFO   ] Entering password... 
[2023-10-16 12:29:51] [INFO   ] Clicking on login button... 
[2023-10-16 12:29:53] [INFO   ] Clicking Logout... 
[2023-10-16 12:29:53] [INFO   ] Login test LM_L_LP executed successfully. 
[2023-10-16 12:29:53] [INFO   ] Test execution of LM_L_LP completed 
[2023-10-16 12:29:53] [INFO   ] Time elapsed - [In milli-seconds: 4390] [In seconds:4.39] 
