[2023-10-16 12:45:51] [INFO   ] Generating Test Report 
[2023-10-16 12:45:51] [INFO   ] Generating test report 
[2023-10-16 12:45:51] [INFO   ] Generating test report 
[2023-10-16 12:45:51] [INFO   ] Fetching data from the data provider 'EG_login' 
[2023-10-16 12:45:52] [INFO   ] Setting up the browser... 
[2023-10-16 12:45:54] [INFO   ] Started measuring time 2023-10-16T07:15:54.053458018Z 
[2023-10-16 12:45:54] [INFO   ] Executing LM_L_LIP Test Cases 
[2023-10-16 12:45:54] [INFO   ] Executing login test cases... 
[2023-10-16 12:45:54] [INFO   ] Entering username: eg_admin 
[2023-10-16 12:45:55] [INFO   ] Entering password... 
[2023-10-16 12:45:55] [INFO   ] Clicking on login button... 
[2023-10-16 12:45:57] [INFO   ] Clicking Logout... 
[2023-10-16 12:45:57] [INFO   ] IP Login test cases executed successfully. 
[2023-10-16 12:45:57] [INFO   ] LM_L_LIP Test Cases Execution Completed 
[2023-10-16 12:45:57] [INFO   ] Time elapsed - [In milli-seconds: 3763] [In seconds:3.763] 
[2023-10-16 12:45:58] [INFO   ] Fetching data from the data provider 'prerak_login' 
[2023-10-16 12:45:58] [INFO   ] Setting up the browser... 
[2023-10-16 12:45:59] [INFO   ] Started measuring time 2023-10-16T07:15:59.562616012Z 
[2023-10-16 12:45:59] [INFO   ] Executing LM_L_LP method 
[2023-10-16 12:45:59] [INFO   ] Executing prerak login LM_L_LP test 
[2023-10-16 12:45:59] [INFO   ] Entering username: varunb_b_9960051486 
[2023-10-16 12:46:00] [INFO   ] Entering password... 
[2023-10-16 12:46:01] [INFO   ] Clicking on login button... 
[2023-10-16 12:46:03] [INFO   ] Clicking Logout... 
[2023-10-16 12:46:04] [INFO   ] Login test LM_L_LP executed successfully. 
[2023-10-16 12:46:04] [INFO   ] Test execution of LM_L_LP completed 
[2023-10-16 12:46:04] [INFO   ] Time elapsed - [In milli-seconds: 4685] [In seconds:4.685] 
[2023-10-16 12:46:04] [INFO   ] Setting up the browser... 
[2023-10-16 12:46:05] [INFO   ] Started measuring time 2023-10-16T07:16:05.461155338Z 
[2023-10-16 12:46:05] [INFO   ] PM_PPE_PP_PrerakHome method 
[2023-10-16 12:46:05] [INFO   ] Executing common login... 
[2023-10-16 12:46:05] [INFO   ] Entering username: varunb_b_9960051486 
[2023-10-16 12:46:06] [INFO   ] Entering password... 
[2023-10-16 12:46:07] [INFO   ] Clicking on login button... 
[2023-10-16 12:46:07] [INFO   ] Common login executed successfully. 
[2023-10-16 12:46:07] [INFO   ] Executing PM_PPE_PP_PrerakProfileEdit test cases... 
[2023-10-16 12:46:09] [INFO   ] Clicking sidebar 
[2023-10-16 12:46:10] [INFO   ] Clicking Profile 
[2023-10-16 12:46:13] [INFO   ] Clicking editBasicDetails 
[2023-10-16 12:46:14] [WARNING] Test case failed. Capturing screenshot... 
[2023-10-16 12:46:15] [INFO   ] Fetching data from the data provider 'editName' 
[2023-10-16 12:46:15] [INFO   ] Setting up the browser... 
[2023-10-16 12:46:16] [INFO   ] Started measuring time 2023-10-16T07:16:16.296085694Z 
[2023-10-16 12:46:16] [INFO   ] EditPrerakDetails_PM_PPE_PP_editName method 
[2023-10-16 12:46:16] [INFO   ] Executing common login... 
[2023-10-16 12:46:16] [INFO   ] Entering username: varunb_b_9960051486 
[2023-10-16 12:46:17] [INFO   ] Entering password... 
[2023-10-16 12:46:18] [INFO   ] Clicking on login button... 
[2023-10-16 12:46:18] [INFO   ] Common login executed successfully. 
[2023-10-16 12:46:18] [INFO   ] Executing PM_PPE_PP_editName test cases... 
[2023-10-16 12:46:20] [INFO   ] Clicking sidebar 
[2023-10-16 12:46:21] [INFO   ] Clicking Profile 
[2023-10-16 12:46:24] [INFO   ] Clicking editBasicDetails 
[2023-10-16 12:46:25] [INFO   ] Clicking editName 
[2023-10-16 12:46:27] [INFO   ] Entering First Name 
[2023-10-16 12:46:28] [INFO   ] Entering Middle Name 
[2023-10-16 12:46:30] [INFO   ] Entering Last Name 
[2023-10-16 12:46:31] [INFO   ] Selecting Year 
[2023-10-16 12:46:33] [INFO   ] Selecting Month 
[2023-10-16 12:46:34] [INFO   ] Selecting Day 
[2023-10-16 12:46:35] [INFO   ] Clicking Save 
[2023-10-16 12:46:36] [INFO   ] PM_PPE_PP_editName Test executed successfully. 
[2023-10-16 12:46:36] [INFO   ] PM_PPE_PP_editName Test case execution completed 
[2023-10-16 12:46:36] [INFO   ] Time elapsed - [In milli-seconds: 20178] [In seconds:20.178] 
