[2023-10-16 12:37:09] [INFO   ] Generating Test Report 
[2023-10-16 12:37:09] [INFO   ] Generating test report 
[2023-10-16 12:37:09] [INFO   ] Generating test report 
[2023-10-16 12:37:09] [INFO   ] Fetching data from the data provider 'EG_login' 
[2023-10-16 12:37:10] [INFO   ] Setting up the browser... 
[2023-10-16 12:37:12] [INFO   ] Started measuring time 2023-10-16T07:07:12.935027338Z 
[2023-10-16 12:37:12] [INFO   ] Executing LM_L_LIP Test Cases 
[2023-10-16 12:37:12] [INFO   ] Executing login test cases... 
[2023-10-16 12:37:12] [INFO   ] Entering username: eg_admin 
[2023-10-16 12:37:14] [INFO   ] Entering password... 
[2023-10-16 12:37:14] [INFO   ] Clicking on login button... 
[2023-10-16 12:37:16] [INFO   ] Clicking Logout... 
[2023-10-16 12:37:17] [INFO   ] IP Login test cases executed successfully. 
[2023-10-16 12:37:17] [INFO   ] LM_L_LIP Test Cases Execution Completed 
[2023-10-16 12:37:17] [INFO   ] Time elapsed - [In milli-seconds: 4261] [In seconds:4.261] 
[2023-10-16 12:37:17] [INFO   ] Fetching data from the data provider 'prerak_login' 
[2023-10-16 12:37:17] [INFO   ] Setting up the browser... 
[2023-10-16 12:37:18] [INFO   ] Started measuring time 2023-10-16T07:07:18.632795743Z 
[2023-10-16 12:37:18] [INFO   ] Executing LM_L_LP method 
[2023-10-16 12:37:18] [INFO   ] Executing prerak login LM_L_LP test 
[2023-10-16 12:37:18] [INFO   ] Entering username: varunb_b_9960051486 
[2023-10-16 12:37:20] [INFO   ] Entering password... 
[2023-10-16 12:37:20] [INFO   ] Clicking on login button... 
[2023-10-16 12:37:22] [INFO   ] Clicking Logout... 
[2023-10-16 12:37:23] [INFO   ] Login test LM_L_LP executed successfully. 
[2023-10-16 12:37:23] [INFO   ] Test execution of LM_L_LP completed 
[2023-10-16 12:37:23] [INFO   ] Time elapsed - [In milli-seconds: 4523] [In seconds:4.523] 
[2023-10-16 12:37:23] [INFO   ] Setting up the browser... 
[2023-10-16 12:37:24] [INFO   ] Started measuring time 2023-10-16T07:07:24.446877784Z 
[2023-10-16 12:37:24] [INFO   ] PM_PPE_PP_PrerakHome method 
[2023-10-16 12:37:24] [WARNING] Test case failed. Capturing screenshot... 
[2023-10-16 12:37:24] [INFO   ] Fetching data from the data provider 'editName' 
