[2023-10-16 12:41:47] [INFO   ] Generating Test Report 
[2023-10-16 12:41:47] [INFO   ] Generating test report 
[2023-10-16 12:41:47] [INFO   ] Generating test report 
[2023-10-16 12:41:47] [INFO   ] Fetching data from the data provider 'EG_login' 
[2023-10-16 12:41:48] [INFO   ] Setting up the browser... 
[2023-10-16 12:41:50] [INFO   ] Started measuring time 2023-10-16T07:11:50.250502148Z 
[2023-10-16 12:41:50] [INFO   ] Executing LM_L_LIP Test Cases 
[2023-10-16 12:41:50] [INFO   ] Executing login test cases... 
[2023-10-16 12:41:50] [INFO   ] Entering username: eg_admin 
[2023-10-16 12:41:51] [INFO   ] Entering password... 
[2023-10-16 12:41:51] [INFO   ] Clicking on login button... 
[2023-10-16 12:41:53] [INFO   ] Clicking Logout... 
[2023-10-16 12:41:54] [INFO   ] IP Login test cases executed successfully. 
[2023-10-16 12:41:54] [INFO   ] LM_L_LIP Test Cases Execution Completed 
[2023-10-16 12:41:54] [INFO   ] Time elapsed - [In milli-seconds: 3990] [In seconds:3.99] 
[2023-10-16 12:41:54] [INFO   ] Fetching data from the data provider 'prerak_login' 
[2023-10-16 12:41:54] [INFO   ] Setting up the browser... 
[2023-10-16 12:41:55] [INFO   ] Started measuring time 2023-10-16T07:11:55.912191051Z 
[2023-10-16 12:41:55] [INFO   ] Executing LM_L_LP method 
[2023-10-16 12:41:55] [INFO   ] Executing prerak login LM_L_LP test 
[2023-10-16 12:41:55] [INFO   ] Entering username: varunb_b_9960051486 
[2023-10-16 12:41:57] [INFO   ] Entering password... 
[2023-10-16 12:41:57] [INFO   ] Clicking on login button... 
[2023-10-16 12:42:00] [INFO   ] Clicking Logout... 
[2023-10-16 12:42:00] [INFO   ] Login test LM_L_LP executed successfully. 
[2023-10-16 12:42:00] [INFO   ] Test execution of LM_L_LP completed 
[2023-10-16 12:42:00] [INFO   ] Time elapsed - [In milli-seconds: 4470] [In seconds:4.47] 
[2023-10-16 12:42:00] [INFO   ] Setting up the browser... 
[2023-10-16 12:42:02] [INFO   ] Started measuring time 2023-10-16T07:12:02.183738948Z 
[2023-10-16 12:42:02] [INFO   ] PM_PPE_PP_PrerakHome method 
[2023-10-16 12:42:02] [INFO   ] Executing common login... 
[2023-10-16 12:42:02] [INFO   ] Entering username: varunb_b_9960051486 
[2023-10-16 12:42:04] [INFO   ] Entering password... 
[2023-10-16 12:42:04] [INFO   ] Clicking on login button... 
[2023-10-16 12:42:04] [INFO   ] Common login executed successfully. 
[2023-10-16 12:42:04] [INFO   ] Executing PM_PPE_PP_PrerakProfileEdit test cases... 
[2023-10-16 12:42:07] [INFO   ] Clicking sidebar 
[2023-10-16 12:42:08] [INFO   ] Clicking Profile 
[2023-10-16 12:42:11] [INFO   ] Clicking editBasicDetails 
[2023-10-16 12:42:11] [WARNING] Test case failed. Capturing screenshot... 
[2023-10-16 12:42:11] [INFO   ] Fetching data from the data provider 'editName' 
[2023-10-16 12:42:11] [INFO   ] Setting up the browser... 
[2023-10-16 12:42:12] [INFO   ] Started measuring time 2023-10-16T07:12:12.994593310Z 
[2023-10-16 12:42:12] [INFO   ] EditPrerakDetails_PM_PPE_PP_editName method 
[2023-10-16 12:42:12] [INFO   ] Executing common login... 
[2023-10-16 12:42:12] [INFO   ] Entering username: varunb_b_9960051486 
[2023-10-16 12:42:14] [INFO   ] Entering password... 
[2023-10-16 12:42:14] [INFO   ] Clicking on login button... 
[2023-10-16 12:42:14] [INFO   ] Common login executed successfully. 
[2023-10-16 12:42:14] [INFO   ] Executing PM_PPE_PP_editName test cases... 
[2023-10-16 12:42:17] [INFO   ] Clicking sidebar 
[2023-10-16 12:42:18] [INFO   ] Clicking Profile 
[2023-10-16 12:42:21] [INFO   ] Clicking editBasicDetails 
[2023-10-16 12:42:22] [INFO   ] Clicking editName 
[2023-10-16 12:42:23] [INFO   ] Entering First Name 
[2023-10-16 12:42:25] [INFO   ] Entering Middle Name 
[2023-10-16 12:42:27] [INFO   ] Entering Last Name 
[2023-10-16 12:42:28] [INFO   ] Selecting Year 
[2023-10-16 12:42:29] [INFO   ] Selecting Month 
[2023-10-16 12:42:30] [INFO   ] Selecting Day 
[2023-10-16 12:42:32] [INFO   ] Clicking Save 
[2023-10-16 12:42:33] [INFO   ] PM_PPE_PP_editName Test executed successfully. 
[2023-10-16 12:42:33] [INFO   ] PM_PPE_PP_editName Test case execution completed 
[2023-10-16 12:42:33] [INFO   ] Time elapsed - [In milli-seconds: 20371] [In seconds:20.371] 
