[2023-10-16 12:24:46] [INFO   ] Generating Test Report 
[2023-10-16 12:24:46] [INFO   ] Generating test report 
[2023-10-16 12:24:46] [INFO   ] Fetching data from the data provider 'EG_login' 
[2023-10-16 12:24:47] [INFO   ] Setting up the browser... 
[2023-10-16 12:24:49] [INFO   ] Started measuring time 2023-10-16T06:54:49.987752564Z 
[2023-10-16 12:24:49] [INFO   ] Executing LM_L_LIP Test Cases 
[2023-10-16 12:24:50] [INFO   ] Executing login test cases... 
[2023-10-16 12:24:50] [INFO   ] Entering username: eg_admin 
[2023-10-16 12:24:51] [INFO   ] Entering password... 
[2023-10-16 12:24:51] [INFO   ] Clicking on login button... 
[2023-10-16 12:24:54] [INFO   ] Clicking Logout... 
[2023-10-16 12:24:54] [INFO   ] IP Login test cases executed successfully. 
[2023-10-16 12:24:54] [INFO   ] LM_L_LIP Test Cases Execution Completed 
[2023-10-16 12:24:54] [INFO   ] Time elapsed - [In milli-seconds: 4940] [In seconds:4.94] 
[2023-10-16 12:24:55] [INFO   ] Fetching data from the data provider 'prerak_login' 
[2023-10-16 12:24:55] [INFO   ] Setting up the browser... 
[2023-10-16 12:24:56] [INFO   ] Started measuring time 2023-10-16T06:54:56.627701278Z 
[2023-10-16 12:24:56] [INFO   ] Executing LM_L_LP method 
[2023-10-16 12:24:56] [INFO   ] Executing prerak login LM_L_LP test 
[2023-10-16 12:24:56] [INFO   ] Entering username: varunb_b_9960051486 
[2023-10-16 12:24:58] [INFO   ] Entering password... 
[2023-10-16 12:24:58] [INFO   ] Clicking on login button... 
[2023-10-16 12:25:00] [INFO   ] Clicking Logout... 
[2023-10-16 12:25:01] [INFO   ] Login test LM_L_LP executed successfully. 
[2023-10-16 12:25:01] [INFO   ] Test execution of LM_L_LP completed 
[2023-10-16 12:25:01] [INFO   ] Time elapsed - [In milli-seconds: 4386] [In seconds:4.386] 
